f(x) = exp(x) - 3*x*cos(2*x) - 8.3
range of x is [-10,2]

test 1 :
a = -6
b = -1
times = 28 => -5.748730752617121

test 2 :
a = -10
b = 0
times = 29 => -8.79929905757308

test 3 :
a = -1
b = 2
times = 28 => 1.4300282038748264

test 4 :
a = -10
b = 0
times = 29 => -8.79929905757308

test 5 :
a = -6
b = -1
times = 28 => -5.748730752617121

test 6 :
a = -3
b = -1
times = 27 => -2.9542504996061325

test 7 :
a = 2
b = 0
times = 27 => 1.4300282150506973

test 8 :
a = -5
b = -9
times = 28 => -8.79929904639721

test 9 :
a = -6
b = -1
times = 28 => -5.748730752617121

test 10 :
a = -2
b = -10
times = 29 => -5.748730763792992

------------------------------------------

f(x) = exp(x*sin(x)) - x*cos(2*x) - 2.8
range of x is [-5,5]

test 1 :
a = 5
b = -4
times = 29 => 4.280361929908395

test 2 :
a = -2
b = -5
times = 28 => -3.5261525101959705

test 3 :
a = -1
b = 5
times = 29 => 1.0116915740072727

test 4 :
a = 0
b = -2
times = 27 => -1.4467958062887192

test 5 :
a = 0
b = -3
times = 28 => -1.4467958025634289

test 6 :
a = -2
b = 1
times = 28 => -1.4467958100140095

test 7 :
a = 5
b = 0
times = 28 => 1.0116915591061115

test 8 :
a = -1
b = 5
times = 29 => 1.0116915740072727

test 9 :
a = -2
b = -4
times = 27 => -3.5261525064706802

test 10 :
a = 2
b = -1
times = 28 => 1.0116915740072727

------------------------------------------

f(x) = x*math.cos(2*x) + math.exp(x) - 2.3
range of x is [-10,1]

test 1 :
a = -5
b = -3
times = 27 => -4.2136010974645615

test 2 :
a = -5
b = 0
times = 28 => -4.213601071387529

test 3 :
a = 1
b = -4
times = 28 => 0.9955699779093266

test 4 :
a = -5
b = -7
times = 27 => -5.27263380587101

test 5 :
a = 0
b = -5
times = 28 => -4.213601071387529

test 6 :
a = -2
b = -5
times = 28 => -4.213601093739271

test 7 :
a = -5
b = -10
times = 28 => -8.502430375665426

test 8 :
a = -5
b = -3
times = 27 => -4.2136010974645615

test 9 :
a = -8
b = -3
times = 28 => -7.23039386048913

test 10 :
a = -5
b = -1
times = 28 => -4.2136010974645615

------------------------------------------

f(x) = math.exp(math.cos(x)) + math.cos(x) - 1.1
range of x is [5,10]

test 1 :
a = 9
b = 7
times = 27 => 7.8045812994241714

test 2 :
a = 8
b = 6
times = 27 => 7.8045812994241714

test 3 :
a = 6
b = 9
times = 28 => 7.804581295698881

test 4 :
a = 9
b = 5
times = 28 => 7.8045812994241714

test 5 :
a = 9
b = 6
times = 28 => 7.804581295698881

test 6 :
a = 5
b = 10
times = 28 => 7.804581318050623

test 7 :
a = 10
b = 5
times = 28 => 7.804581318050623

test 8 :
a = 5
b = 8
times = 28 => 7.804581303149462

test 9 :
a = 7
b = 8
times = 26 => 7.8045812994241714

test 10 :
a = 9
b = 6
times = 28 => 7.804581295698881

