f(x) = exp(x) - 3*x*cos(2*x) - 8.3
range of x is [-10,2]

test 1 :
a = -10
b = -5
times = 8 => -8.79929905512353

test 2 :
a = -2
b = -3
times = 13 => -2.9542505116236173

test 3 :
a = -9
b = -1
times = 9 => -8.799299055125227

test 4 :
a = -5
b = -6
times = 5 => -5.748730750927055

test 5 :
a = -10
b = -2
times = 8 => -8.799299055122784

test 6 :
a = -6
b = -2
times = 8 => -5.748730751194284

test 7 :
a = -6
b = -1
times = 8 => -5.748730750927277

test 8 :
a = -7
b = -3
times = 24 => -3.4675991937663815

test 9 :
a = -4
b = -6
times = 6 => -5.7487307509270895

test 10 :
a = -10
b = 0
times = 14 => -2.9542505106957484

------------------------------------------

f(x) = exp(x*sin(x)) - x*cos(2*x) - 2.8
range of x is [-5,5]

test 1 :
a = -2
b = -1
times = 11 => -1.4467958116741073

test 2 :
a = -2
b = 0
times = 12 => -1.4467958115699058

test 3 :
a = -5
b = 5
times = 8 => 4.280361941653998

test 4 :
a = -1
b = -3
times = 12 => -1.4467958114640316

test 5 :
a = 3
b = -2
times = 13 => -1.4467958116989137

test 6 :
a = 5
b = -5
times = 8 => 4.280361941653998

test 7 :
a = -2
b = 3
times = 13 => -1.4467958116989137

test 8 :
a = 4
b = -3
times = 12 => -1.4467958118094684

test 9 :
a = 5
b = 0
times = 9 => 4.280361941828694

test 10 :
a = -5
b = 2
times = 9 => 1.0116915667590438

------------------------------------------

f(x) = x*math.cos(2*x) + math.exp(x) - 2.3
range of x is [-10,1]

test 1 :
a = 1
b = -4
times = 5 => 0.9955699806456582

test 2 :
a = 1
b = -4
times = 5 => 0.9955699806456582

test 3 :
a = 1
b = -9
times = 16 => 0.9955699843847509

test 4 :
a = -10
b = 1
times = 9 => 0.9955699812240528

test 5 :
a = -5
b = -2
times = 10 => -4.213601082679247

test 6 :
a = 0
b = -8
times = 11 => -7.230393855830687

test 7 :
a = -10
b = -5
times = 8 => -5.2726338019077055

test 8 :
a = -8
b = 0
times = 11 => -7.230393855830687

test 9 :
a = -5
b = -10
times = 8 => -5.2726338019077055

test 10 :
a = -4
b = -8
times = 9 => -4.213601082805552

------------------------------------------

f(x) = math.exp(math.cos(x)) + math.cos(x) - 1.1
range of x is [5,10]

test 1 :
a = 9
b = 5
times = 7 => 7.804581304926021

test 2 :
a = 10
b = 6
times = 8 => 7.804581305039108

test 3 :
a = 5
b = 8
times = 7 => 7.804581305084244

test 4 :
a = 6
b = 9
times = 6 => 7.804581304925698

test 5 :
a = 9
b = 7
times = 9 => 7.804581305242878

test 6 :
a = 6
b = 10
times = 8 => 7.804581305039108

test 7 :
a = 7
b = 10
times = 10 => 7.804581305074144

test 8 :
a = 6
b = 8
times = 7 => 7.804581304929062

test 9 :
a = 6
b = 10
times = 8 => 7.804581305039108

test 10 :
a = 5
b = 8
times = 7 => 7.804581305084244

