f(x) = exp(x) - 3*x*cos(2*x) - 8.3
range of x is [-10,2]

test 1 :
a = -10
b = 0
times = 14 => -2.9542505106957484

test 2 :
a = 0
b = -10
times = 14 => -2.9542505106957484

test 3 :
a = 1
b = -9
times = 8 => -5.748730750927099

test 4 :
a = -5
b = -9
times = 8 => -8.799299055125632

test 5 :
a = -6
b = 1
times = 10 => -5.748730750940862

test 6 :
a = -1
b = -10
times = 9 => -8.799299055122784

test 7 :
a = -9
b = 1
times = 8 => -5.748730750927099

test 8 :
a = -8
b = -10
times = 7 => -8.799299055136906

test 9 :
a = -1
b = -3
times = 8 => -2.954250509202473

test 10 :
a = 2
b = -7
times = 10 => 1.430028206577052

------------------------------------------

f(x) = exp(x*sin(x)) - x*cos(2*x) - 2.8
range of x is [-5,5]

test 1 :
a = 2
b = 0
times = 7 => 1.0116915667262676

test 2 :
a = 1
b = 5
times = 8 => 1.0116915664543762

test 3 :
a = 1
b = 5
times = 8 => 1.0116915664543762

test 4 :
a = 2
b = -4
times = 20 => -3.5261525080937224

test 5 :
a = 2
b = 1
times = 5 => 1.0116915667594424

test 6 :
a = 0
b = 5
times = 9 => 4.280361941828694

test 7 :
a = 1
b = 5
times = 8 => 1.0116915664543762

test 8 :
a = -5
b = 2
times = 9 => 1.0116915667590438

test 9 :
a = 1
b = -2
times = 14 => -1.446795811319986

test 10 :
a = -5
b = 2
times = 9 => 1.0116915667590438

------------------------------------------

f(x) = x*math.cos(2*x) + math.exp(x) - 2.3
range of x is [-10,1]

test 1 :
a = -7
b = 1
times = 4 => 0.9955699806187831

test 2 :
a = 0
b = -5
times = 11 => -4.213601082668904

test 3 :
a = -2
b = -5
times = 10 => -4.213601082679247

test 4 :
a = -8
b = -2
times = 9 => -4.213601082666185

test 5 :
a = 0
b = -5
times = 11 => -4.213601082668904

test 6 :
a = -6
b = -5
times = 10 => -5.272633801997809

test 7 :
a = -3
b = 1
times = 27 => 0.9955699947497028

test 8 :
a = 1
b = -9
times = 16 => 0.9955699843847509

test 9 :
a = -1
b = -5
times = 9 => -4.213601082885497

test 10 :
a = -5
b = -4
times = 8 => -4.213601082849148

------------------------------------------

f(x) = math.exp(math.cos(x)) + math.cos(x) - 1.1
range of x is [5,10]

test 1 :
a = 5
b = 10
times = 8 => 7.804581304926051

test 2 :
a = 5
b = 10
times = 8 => 7.804581304926051

test 3 :
a = 8
b = 7
times = 8 => 7.8045813051612996

test 4 :
a = 5
b = 9
times = 7 => 7.804581304926021

test 5 :
a = 9
b = 7
times = 9 => 7.804581305242878

test 6 :
a = 10
b = 7
times = 10 => 7.804581305074144

test 7 :
a = 6
b = 8
times = 7 => 7.804581304929062

test 8 :
a = 8
b = 6
times = 7 => 7.804581304929062

test 9 :
a = 7
b = 8
times = 8 => 7.8045813051612996

test 10 :
a = 10
b = 7
times = 10 => 7.804581305074144

