f(x) = exp(x) - 3*x*cos(2*x) - 8.3
range of x is [-10,2]

test 1 :
a = -3
times = 4 => -9.469775055065248e-10

test 2 :
a = -10
times = 4 => 2.6220822256348213e-12

test 3 :
a = -9
times = 4 => -2.0383044229341334e-09

test 4 :
a = -6
times = 5 => -5.500874592822426e-14

test 5 :
a = -10
times = 4 => 2.6220822256348213e-12

test 6 :
a = -5
times = 6 => 7.706771778768754e-09

test 7 :
a = -5
times = 6 => 7.706771778768754e-09

test 8 :
a = -6
times = 5 => -5.500874592822426e-14

test 9 :
a = -6
times = 5 => -5.500874592822426e-14

test 10 :
a = -2
times = 6 => 6.071833627224597e-09

------------------------------------------

f(x) = exp(x*sin(x)) - x*cos(2*x) - 2.8
range of x is [-5,5]

test 1 :
a = -1
times = 6 => 6.201767424763868e-11

test 2 :
a = -2
times = 6 => 6.165707214169831e-13

test 3 :
a = 4
times = 4 => 1.6293503420746868e-10

test 4 :
a = 1
times = 3 => -4.661809707145097e-09

test 5 :
a = 5
times = 5 => -5.339973631810005e-10

------------------------------------------

f(x) = x*math.cos(2*x) + math.exp(x) - 2.3
range of x is [-10,1]

test 1 :
a = -7
times = 4 => -1.645320471621505e-11

test 2 :
a = -5
times = 5 => 1.991135446167183e-09

test 3 :
a = -2
times = 7 => -2.918669057474915e-16

test 4 :
a = -6
times = 6 => 4.109796265916338e-09

test 5 :
a = -2
times = 7 => -2.918669057474915e-16

------------------------------------------

f(x) = math.exp(math.cos(x)) + math.cos(x) - 1.1
range of x is [5,10]

test 1 :
a = 8
times = 4 => 1.7990332579517022e-10

test 2 :
a = 6
times = 8 => -5.3702857483665955e-12

test 3 :
a = 9
times = 7 => 9.057336278606524e-12

test 4 :
a = 8
times = 4 => 1.7990332579517022e-10

test 5 :
a = 9
times = 7 => 9.057336278606524e-12

