f(x) = exp(x) - 3*x*cos(2*x) - 8.3
range of x is [-10,2]

test 1 :
a = -10
b = -7
times = 13 => -5.748730750927046

test 2 :
a = -7
b = -6
times = 9 => -3.467599199237764

test 3 :
a = 0
b = 2
times = 6 => 1.430028206519345

test 4 :
a = -3
b = 1
times = 14 => -6.8610836647074125

test 5 :
a = 0
b = -9
times = 9 => -5.748730750927045

test 6 :
a = -1
b = -9
times = 10 => 1.430028206519345

test 7 :
a = -3
b = -2
times = 6 => -2.9542505091534865

test 8 :
a = -4
b = -10
times = 10 => -16.789321952080996

test 9 :
a = -3
b = -5
times = 8 => -2.9542505091535554

test 10 :
a = -6
b = -8
times = 8 => -6.861083664707422

------------------------------------------

f(x) = exp(x*sin(x)) - x*cos(2*x) - 2.8
range of x is [-5,5]

test 1 :
a = -4
b = 2
times = 7 => -1.4467958119611706

test 2 :
a = 3
b = -3
times = 8 => -1.446795811961165

test 3 :
a = 2
b = -5
times = 12 => -1.4467958119611648

test 4 :
a = 0
b = 5
times = 9 => 4.280361941640559

test 5 :
a = -2
b = 1
times = 6 => 1.0116915667594621

test 6 :
a = 5
b = 3
times = 7 => 4.280361941640624

test 7 :
a = -3
b = -1
times = 8 => -1.4467958119611648

test 8 :
a = -5
b = -3
times = 8 => -3.526152509123314

test 9 :
a = -1
b = 2
times = 11 => -1.4467958119611648

test 10 :
a = -4
b = 2
times = 7 => -1.4467958119611706

------------------------------------------

f(x) = x*math.cos(2*x) + math.exp(x) - 2.3
range of x is [-10,1]

test 1 :
a = -8
b = -7
times = 6 => -7.230393855829309

test 2 :
a = -1
b = 1
times = 4 => 0.9955699806458779

test 3 :
a = -6
b = 1
times = 5 => 0.9955699806458549

test 4 :
a = -10
b = 1
times = 4 => 0.9955699806458577

test 5 :
a = -5
b = -3
times = 7 => -4.2136010826600225

test 6 :
a = -8
b = -6
times = 7 => -7.230393855829308

test 7 :
a = -6
b = -5
times = 7 => -5.272633802134867

test 8 :
a = -5
b = -4
times = 7 => -4.2136010826600225

test 9 :
a = 1
b = -9
times = 5 => 0.9955699806458557

test 10 :
a = -8
b = -2
times = 19 => 0.9955699806458552

------------------------------------------

f(x) = math.exp(math.cos(x)) + math.cos(x) - 1.1
range of x is [5,10]

test 1 :
a = 8
b = 6
times = 6 => 7.804581304925646

test 2 :
a = 7
b = 8
times = 5 => 7.8045813049256445

test 3 :
a = 9
b = 7
times = 6 => 7.8045813049256365

test 4 :
a = 5
b = 10
times = 8 => 7.804581304925645

test 5 :
a = 5
b = 8
times = 6 => 7.804581304925645

test 6 :
a = 7
b = 8
times = 5 => 7.8045813049256445

test 7 :
a = 6
b = 9
times = 6 => 7.804581304925646

test 8 :
a = 9
b = 7
times = 6 => 7.8045813049256365

test 9 :
a = 9
b = 5
times = 6 => 4.761789309433528

test 10 :
a = 5
b = 8
times = 6 => 7.804581304925645

