1
----------------------------------
f(x) = exp(x) - 3*x*cos(2*x) - 8.3
range is[-10,2]
epsilon is 0.0000000100
ans are :
-8.799299046397 , time = 26 
-6.861083671451 , time = 26 
-5.748730763793 , time = 26 
-3.467599198222 , time = 26 
-2.954250499606 , time = 26 
1.430028215051 , time = 26 

---------------------
epsilon is 0.0000000001
ans are :
-8.799299055128 , time = 33 
-6.861083664815 , time = 33 
-5.748730750871 , time = 33 
-3.467599199270 , time = 33 
-2.954250509269 , time = 33 
1.430028206552 , time = 33 

---------------------
2
----------------------------------
f(x) = exp(x*sin(x)) - x*cos(2*x) - 2.8
range is[-5,5]
epsilon is 0.0000000100
ans are :
-3.526152506471 , time = 26 
-1.446795806289 , time = 26 
1.011691555381 , time = 26 
2.582948520780 , time = 26 
4.280361935496 , time = 26 

---------------------
epsilon is 0.0000000001
ans are :
-3.526152509148 , time = 33 
-1.446795811993 , time = 33 
1.011691566673 , time = 33 
2.582948535099 , time = 33 
4.280361941666 , time = 33 

---------------------
3
----------------------------------
f(x) = cos(2*x/pi) - sqrt(2)*sin(3*x*x/pi)
range is[-10,10]
epsilon is 0.0000000100
ans are :
-7.450367733836 , time = 26 
-2.503600671887 , time = 26 
2.503600671887 , time = 26 
7.450367733836 , time = 26 

---------------------
epsilon is 0.0000000001
ans are :
-7.450367731624 , time = 33 
-2.503600671771 , time = 33 
2.503600671771 , time = 33 
7.450367731624 , time = 33 

---------------------
4
----------------------------------
f(x) = exp(x) + cos(x)-2
range is[0,10]
epsilon is 0.0000000100
ans are :
1.112016543746 , time = 26 
5.171168759465 , time = 26 
7.395201846957 , time = 26 

---------------------
epsilon is 0.0000000001
ans are :
1.112016540603 , time = 33 
5.171168766567 , time = 33 
7.395201848005 , time = 33 

---------------------
