1
----------------------------------
f(x) = exp(x) - 3*x*cos(2*x) - 8.3
range is[-10,4]
epsilon is 0.0000000100
ans are :

---------------------
epsilon is 0.0000000001
ans are :

---------------------
2
----------------------------------
f(x) = exp(x*sin(x)) - x*cos(2*x) - 2.8
range is[-5,5]
epsilon is 0.0000000100
ans are :
30.495921227193 , time = 8
-3.091707996932 , time = 10
-1.446795819208 , time = 13
-1.446795808189 , time = 13
-47.144434710687 , time = 12
10.731413971966 , time = 5
-3.098866374453 , time = 11
-1.446795808103 , time = 14

---------------------
epsilon is 0.0000000001
ans are :
30.495921227193 , time = 8
-3.091707996932 , time = 10
-1.446795812041 , time = 16
-1.446795811920 , time = 16
-47.144434710687 , time = 12
10.731413971966 , time = 5
-3.098866374453 , time = 11
-1.446795811919 , time = 17

---------------------
3
----------------------------------
f(x) = cos(18*x)-exp(x*x)+3.5
range is[-10,10]
epsilon is 0.0000000100
ans are :
854053696665252864.000000000000 , time = 2
107149501.130662575364 , time = 2
107149501.130662575364 , time = 2
854053696665252864.000000000000 , time = 2

---------------------
epsilon is 0.0000000001
ans are :
854053696665252864.000000000000 , time = 2
107149501.130662575364 , time = 2
107149501.130662575364 , time = 2
854053696665252864.000000000000 , time = 2

---------------------
4
----------------------------------
f(x) = exp(x) + cos(x)-2
range is[0,10]
epsilon is 0.0000000100
ans are :
0.445003052717 , time = 18
0.445003065900 , time = 21
0.445003071808 , time = 19
0.445003065926 , time = 22
0.445003065668 , time = 24
0.445003045940 , time = 28
0.445003047461 , time = 17
0.445003067009 , time = 19
0.445003053236 , time = 20
0.445003072283 , time = 21

---------------------
epsilon is 0.0000000001
ans are :
0.445003059429 , time = 22
0.445003059665 , time = 25
0.445003059632 , time = 24
0.445003059666 , time = 26
0.445003059661 , time = 28
0.445003059462 , time = 33
0.445003059472 , time = 22
0.445003059685 , time = 23
0.445003059438 , time = 24
0.445003059635 , time = 26

---------------------
