1
----------------------------------
f(x) = exp(x) - 3*x*cos(2*x) - 8.3
range is[-10,2]
epsilon is 0.0000000100
ans are :
-8.799299057735 , time = 33 
-6.861083666167 , time = 26 
-5.748730749985 , time = 29 
-3.467599199397 , time = 32 
-2.954250515009 , time = 29 
1.430028205200 , time = 32 

---------------------
epsilon is 0.0000000001
ans are :
-8.799299055148 , time = 39 
-6.861083664614 , time = 29 
-5.748730750924 , time = 37 
-3.467599199262 , time = 39 
-2.954250509087 , time = 37 
1.430028206531 , time = 40 

---------------------
2
----------------------------------
f(x) = exp(x*sin(x)) - x*cos(2*x) - 2.8
range is[-5,5]
epsilon is 0.0000000100
ans are :
-3.526152514375 , time = 33 
-1.446795808997 , time = 28 
1.011691571158 , time = 31 
2.582948531972 , time = 32 
4.280361937580 , time = 32 

---------------------
epsilon is 0.0000000001
ans are :
-3.526152509145 , time = 41 
-1.446795811999 , time = 35 
1.011691566754 , time = 38 
2.582948535239 , time = 40 
4.280361941642 , time = 38 

---------------------
3
----------------------------------
f(x) = cos(18*x)-exp(x*x)+3.5
range is[-10,10]
epsilon is 0.0000000100
ans are :
-1.130550181854 , time = 34 
1.130550181854 , time = 34 

---------------------
epsilon is 0.0000000001
ans are :
-1.130550179452 , time = 41 
1.130550179452 , time = 41 

---------------------
4
----------------------------------
f(x) = exp(cos(x)) + cos(x)-2
range is[0,10]
epsilon is 0.0000000100
ans are :
0.445003063940 , time = 33 
1.273404805035 , time = 32 
4.177648286591 , time = 31 

---------------------
epsilon is 0.0000000001
ans are :
0.445003059525 , time = 40 
1.273404804679 , time = 39 
4.177648287975 , time = 39 

---------------------
