1
----------------------------------
f(x) = exp(x) - 3*x*cos(2*x) - 8.3
range is[-10,2]
epsilon is 0.0000000100
ans are :
-58.928345724915 , time = 6
-10.071030020328 , time = 4
-8.799299055123 , time = 4
-6.861083664707 , time = 4
-5.748730750927 , time = 5
-3.467599199238 , time = 6
-2.954250509153 , time = 4
1.430028206519 , time = 5

---------------------
epsilon is 0.0000000001
ans are :
-58.928345724915 , time = 6
-10.071030020328 , time = 4
-8.799299055123 , time = 5
-6.861083664707 , time = 5
-5.748730750927 , time = 5
-3.467599199238 , time = 6
-2.954250509153 , time = 5
1.430028206519 , time = 5

---------------------
2
----------------------------------
f(x) = exp(x*sin(x)) - x*cos(2*x) - 2.8
range is[-5,5]
epsilon is 0.0000000100
ans are :
-5.746963229801 , time = 7
-3.526152509123 , time = 5
-1.446795811961 , time = 6
1.011691566759 , time = 3
2.582948535201 , time = 5
4.280361941641 , time = 6
4.280361941641 , time = 4
5.215615193645 , time = 5

---------------------
epsilon is 0.0000000001
ans are :
-5.746963229801 , time = 7
-3.526152509123 , time = 6
-1.446795811961 , time = 6
1.011691566759 , time = 4
2.582948535201 , time = 5
4.280361941641 , time = 6
4.280361941641 , time = 5
5.215615193645 , time = 6

---------------------
3
----------------------------------
f(x) = cos(18*x)-exp(x*x)+3.5
range is[-100,100]
epsilon is 0.0000000100
ans are :
-1.129798709447 , time = 563
1.129798709447 , time = 1060

---------------------
epsilon is 0.0000000001
ans are :
-1.129798709447 , time = 564
1.129798709447 , time = 1060

---------------------
4
----------------------------------
f(x) = exp(x) + cos(x)-2
range is[0,10]
epsilon is 0.0000000100
ans are :
-11.454354073642 , time = 6
1.112016540717 , time = 3
5.171168766463 , time = 6
7.395201847897 , time = 4
13.678387155076 , time = 6

---------------------
epsilon is 0.0000000001
ans are :
-11.454354073642 , time = 6
1.112016540717 , time = 4
5.171168766463 , time = 6
7.395201847897 , time = 4
13.678387155076 , time = 6

---------------------
