1
----------------------------------
f(x) = exp(x) - 3*x*cos(2*x) - 8.3
range is[-10,2]
epsilon is 0.0000000100
ans are :
-8.799299055123 , time = 7
-3.467599199238 , time = 10
-5.748730750927 , time = 6
-2.954250509153 , time = 8
-2.954250509153 , time = 7
1.430028206519 , time = 8

---------------------
epsilon is 0.0000000001
ans are :
-8.799299055123 , time = 7
-3.467599199238 , time = 11
-5.748730750927 , time = 6
-2.954250509153 , time = 8
-2.954250509153 , time = 7
1.430028206519 , time = 9

---------------------
2
----------------------------------
f(x) = exp(x*sin(x)) - x*cos(2*x) - 2.8
range is[-5,5]
epsilon is 0.0000000100
ans are :
-3.526152509123 , time = 9
-1.446795811961 , time = 9
1.011691566759 , time = 6
2.582948535201 , time = 6
4.280361941641 , time = 9

---------------------
epsilon is 0.0000000001
ans are :
-3.526152509123 , time = 9
-1.446795811961 , time = 9
1.011691566759 , time = 6
2.582948535201 , time = 7
4.280361941641 , time = 9

---------------------
3
----------------------------------
f(x) = cos(18*x)-exp(x*x)+3.5
range is[-10,10]
epsilon is 0.0000000100
ans are :
-1.129798709447 , time = 13
1.129798709447 , time = 26

---------------------
epsilon is 0.0000000001
ans are :
-1.129798709447 , time = 13
1.129798709447 , time = 26

---------------------
4
----------------------------------
f(x) = exp(x) + cos(x)-2
range is[0,10]
epsilon is 0.0000000100
ans are :
1.112016540717 , time = 6
5.171168766463 , time = 6
7.395201847897 , time = 6

---------------------
epsilon is 0.0000000001
ans are :
1.112016540717 , time = 6
5.171168766463 , time = 7
7.395201847897 , time = 6

---------------------
