1
----------------------------------
f(x) = exp(x) - 3*x*cos(2*x) - 8.3
range is[-10,2]
epsilon is 0.0000000100
ans are :
-8.799299055126 , time = 6 
-6.861083664498 , time = 9 
-5.748730750927 , time = 5 
-3.467599194448 , time = 27 
-2.954250511624 , time = 13 
1.430028206596 , time = 9 

---------------------
epsilon is 0.0000000001
ans are :
-8.799299055123 , time = 7 
-6.861083664706 , time = 11 
-5.748730750927 , time = 5 
-3.467599199195 , time = 33 
-2.954250509167 , time = 17 
1.430028206524 , time = 10 

---------------------
2
----------------------------------
f(x) = exp(x*sin(x)) - x*cos(2*x) - 2.8
range is[-5,5]
epsilon is 0.0000000100
ans are :
-3.526152506685 , time = 15 
-1.446795811674 , time = 11 
1.011691566759 , time = 5 
2.582948535201 , time = 5 
4.280361941784 , time = 10 

---------------------
epsilon is 0.0000000001
ans are :
-3.526152509111 , time = 19 
-1.446795811956 , time = 13 
1.011691566759 , time = 5 
2.582948535201 , time = 6 
4.280361941642 , time = 12 

---------------------
3
----------------------------------
f(x) = cos(18*x)-exp(x*x)+3.5
range is[-10,10]
epsilon is 0.0000000100
ans are :
-1.130550173691 , time = 25 
1.130550173691 , time = 25 

---------------------
epsilon is 0.0000000001
ans are :
-1.130550179373 , time = 31 
1.130550179373 , time = 31 

---------------------
4
----------------------------------
f(x) = exp(cos(x)) + cos(x)-2
range is[0,10]
epsilon is 0.0000000100
ans are :
0.445003063623 , time = 17 
1.273404804201 , time = 12 
4.177648283819 , time = 19 

---------------------
epsilon is 0.0000000001
ans are :
0.445003059586 , time = 21 
1.273404804643 , time = 14 
4.177648287985 , time = 24 

---------------------
