Number of hidden neurons =  10
Learning rates =  1
Initial weight1 =  [[0.18935911 0.40127196 0.26127756 0.14743859]
 [0.70424024 0.64204746 0.0020566  0.49794338]
 [0.24925854 0.80444515 0.71573754 0.45111039]
 [0.67828694 0.78844601 0.12233248 0.40068875]
 [0.13699279 0.55720567 0.24614219 0.35874933]
 [0.08379579 0.21290615 0.70390532 0.67637365]
 [0.33769274 0.81662233 0.67284138 0.69309728]
 [0.04465758 0.91107202 0.13658379 0.01503457]
 [0.54079808 0.82926067 0.17259326 0.75812326]
 [0.74628731 0.95148714 0.24301408 0.92226791]]
Initial weight2 =  [[0.62763732 0.21490786 0.32477047 0.3291316  0.51105862 0.96367639
  0.06889548 0.92578277 0.78839466 0.94758751]
 [0.41356778 0.68391635 0.62710526 0.70452398 0.24434634 0.2460803
  0.95326858 0.54096123 0.7576015  0.49591714]
 [0.19050816 0.78398041 0.86018098 0.80305875 0.46121165 0.85005429
  0.53304109 0.63068408 0.57317298 0.71655999]]
Initial bias1 =  [[0.1553083 ]
 [0.50824831]
 [0.70229292]
 [0.82919692]
 [0.70913534]
 [0.77289684]
 [0.27294304]
 [0.49927922]
 [0.07889097]
 [0.56143546]]
Initial bias2 =  [[0.06147049]
 [0.12044967]
 [0.80902728]]

training accuracies = 33.33333333333333
testing  accuracies = 33.33333333333333
